# JRE version: OpenJDK Runtime Environment (8.0_152-b01) (build 1.8.0_152-release-915-b01)
# Java VM: OpenJDK 64-Bit Server VM (25.152-b01 mixed mode windows-amd64 compressed oops)
Heap:
 PSYoungGen      total 151552K, used 40363K [0x00000000d5d00000, 0x00000000e3a80000, 0x0000000100000000)
  eden space 129024K, 13% used [0x00000000d5d00000,0x00000000d6e700f8,0x00000000ddb00000)
  from space 22528K, 99% used [0x00000000df580000,0x00000000e0b7ac10,0x00000000e0b80000)
  to   space 27136K, 0% used [0x00000000ddb00000,0x00000000ddb00000,0x00000000df580000)
 ParOldGen       total 132608K, used 29325K [0x0000000081600000, 0x0000000089780000, 0x00000000d5d00000)
  object space 132608K, 22% used [0x0000000081600000,0x00000000832a37e8,0x0000000089780000)
 Metaspace       used 47390K, capacity 48292K, committed 48552K, reserved 1091584K
  class space    used 5799K, capacity 6005K, committed 6064K, reserved 1048576K
GC Heap History (10 events):
Event: 1.737 GC heap before
{Heap before GC invocations=4 (full 1):
 PSYoungGen      total 71680K, used 5113K [0x00000000d5d00000, 0x00000000de900000, 0x0000000100000000)
  eden space 66560K, 0% used [0x00000000d5d00000,0x00000000d5d00000,0x00000000d9e00000)
  from space 5120K, 99% used [0x00000000d9e00000,0x00000000da2fe558,0x00000000da300000)
  to   space 5120K, 0% used [0x00000000de400000,0x00000000de400000,0x00000000de900000)
 ParOldGen       total 87552K, used 12951K [0x0000000081600000, 0x0000000086b80000, 0x00000000d5d00000)
  object space 87552K, 14% used [0x0000000081600000,0x00000000822a5d78,0x0000000086b80000)
 Metaspace       used 20801K, capacity 21120K, committed 21296K, reserved 1067008K
  class space    used 2725K, capacity 2852K, committed 2864K, reserved 1048576K
Event: 1.787 GC heap after
Heap after GC invocations=4 (full 1):
 PSYoungGen      total 71680K, used 0K [0x00000000d5d00000, 0x00000000de900000, 0x0000000100000000)
  eden space 66560K, 0% used [0x00000000d5d00000,0x00000000d5d00000,0x00000000d9e00000)
  from space 5120K, 0% used [0x00000000d9e00000,0x00000000d9e00000,0x00000000da300000)
  to   space 5120K, 0% used [0x00000000de400000,0x00000000de400000,0x00000000de900000)
 ParOldGen       total 68096K, used 9899K [0x0000000081600000, 0x0000000085880000, 0x00000000d5d00000)
  object space 68096K, 14% used [0x0000000081600000,0x0000000081faad40,0x0000000085880000)
 Metaspace       used 20801K, capacity 21120K, committed 21296K, reserved 1067008K
  class space    used 2725K, capacity 2852K, committed 2864K, reserved 1048576K
}
Event: 3.275 GC heap before
{Heap before GC invocations=5 (full 1):
 PSYoungGen      total 71680K, used 66560K [0x00000000d5d00000, 0x00000000de900000, 0x0000000100000000)
  eden space 66560K, 100% used [0x00000000d5d00000,0x00000000d9e00000,0x00000000d9e00000)
  from space 5120K, 0% used [0x00000000d9e00000,0x00000000d9e00000,0x00000000da300000)
  to   space 5120K, 0% used [0x00000000de400000,0x00000000de400000,0x00000000de900000)
 ParOldGen       total 68096K, used 9899K [0x0000000081600000, 0x0000000085880000, 0x00000000d5d00000)
  object space 68096K, 14% used [0x0000000081600000,0x0000000081faad40,0x0000000085880000)
 Metaspace       used 31423K, capacity 31940K, committed 32432K, reserved 1077248K
  class space    used 4025K, capacity 4176K, committed 4272K, reserved 1048576K
Event: 3.292 GC heap after
Heap after GC invocations=5 (full 1):
 PSYoungGen      total 99328K, used 5120K [0x00000000d5d00000, 0x00000000de900000, 0x0000000100000000)
  eden space 94208K, 0% used [0x00000000d5d00000,0x00000000d5d00000,0x00000000db900000)
  from space 5120K, 100% used [0x00000000de400000,0x00000000de900000,0x00000000de900000)
  to   space 5120K, 0% used [0x00000000ddf00000,0x00000000ddf00000,0x00000000de400000)
 ParOldGen       total 68096K, used 22919K [0x0000000081600000, 0x0000000085880000, 0x00000000d5d00000)
  object space 68096K, 33% used [0x0000000081600000,0x0000000082c61e00,0x0000000085880000)
 Metaspace       used 31423K, capacity 31940K, committed 32432K, reserved 1077248K
  class space    used 4025K, capacity 4176K, committed 4272K, reserved 1048576K
}
Event: 4.319 GC heap before
{Heap before GC invocations=6 (full 1):
 PSYoungGen      total 99328K, used 62786K [0x00000000d5d00000, 0x00000000de900000, 0x0000000100000000)
  eden space 94208K, 61% used [0x00000000d5d00000,0x00000000d9550950,0x00000000db900000)
  from space 5120K, 100% used [0x00000000de400000,0x00000000de900000,0x00000000de900000)
  to   space 5120K, 0% used [0x00000000ddf00000,0x00000000ddf00000,0x00000000de400000)
 ParOldGen       total 68096K, used 22919K [0x0000000081600000, 0x0000000085880000, 0x00000000d5d00000)
  object space 68096K, 33% used [0x0000000081600000,0x0000000082c61e00,0x0000000085880000)
 Metaspace       used 34574K, capacity 35100K, committed 35496K, reserved 1081344K
  class space    used 4349K, capacity 4487K, committed 4528K, reserved 1048576K
Event: 4.343 GC heap after
Heap after GC invocations=6 (full 1):
 PSYoungGen      total 138240K, used 5105K [0x00000000d5d00000, 0x00000000e0b80000, 0x0000000100000000)
  eden space 133120K, 0% used [0x00000000d5d00000,0x00000000d5d00000,0x00000000ddf00000)
  from space 5120K, 99% used [0x00000000ddf00000,0x00000000de3fc5d0,0x00000000de400000)
  to   space 22528K, 0% used [0x00000000df580000,0x00000000df580000,0x00000000e0b80000)
 ParOldGen       total 68096K, used 37867K [0x0000000081600000, 0x0000000085880000, 0x00000000d5d00000)
  object space 68096K, 55% used [0x0000000081600000,0x0000000083afac68,0x0000000085880000)
 Metaspace       used 34574K, capacity 35100K, committed 35496K, reserved 1081344K
  class space    used 4349K, capacity 4487K, committed 4528K, reserved 1048576K
}
Event: 4.343 GC heap before
{Heap before GC invocations=7 (full 2):
 PSYoungGen      total 138240K, used 5105K [0x00000000d5d00000, 0x00000000e0b80000, 0x0000000100000000)
  eden space 133120K, 0% used [0x00000000d5d00000,0x00000000d5d00000,0x00000000ddf00000)
  from space 5120K, 99% used [0x00000000ddf00000,0x00000000de3fc5d0,0x00000000de400000)
  to   space 22528K, 0% used [0x00000000df580000,0x00000000df580000,0x00000000e0b80000)
 ParOldGen       total 68096K, used 37867K [0x0000000081600000, 0x0000000085880000, 0x00000000d5d00000)
  object space 68096K, 55% used [0x0000000081600000,0x0000000083afac68,0x0000000085880000)
 Metaspace       used 34574K, capacity 35100K, committed 35496K, reserved 1081344K
  class space    used 4349K, capacity 4487K, committed 4528K, reserved 1048576K
Event: 4.486 GC heap after
Heap after GC invocations=7 (full 2):
 PSYoungGen      total 138240K, used 0K [0x00000000d5d00000, 0x00000000e0b80000, 0x0000000100000000)
  eden space 133120K, 0% used [0x00000000d5d00000,0x00000000d5d00000,0x00000000ddf00000)
  from space 5120K, 0% used [0x00000000ddf00000,0x00000000ddf00000,0x00000000de400000)
  to   space 22528K, 0% used [0x00000000df580000,0x00000000df580000,0x00000000e0b80000)
 ParOldGen       total 132608K, used 28142K [0x0000000081600000, 0x0000000089780000, 0x00000000d5d00000)
  object space 132608K, 21% used [0x0000000081600000,0x000000008317b9a0,0x0000000089780000)
 Metaspace       used 34574K, capacity 35100K, committed 35496K, reserved 1081344K
  class space    used 4349K, capacity 4487K, committed 4528K, reserved 1048576K
}
Event: 7.942 GC heap before
{Heap before GC invocations=8 (full 2):
 PSYoungGen      total 138240K, used 133120K [0x00000000d5d00000, 0x00000000e0b80000, 0x0000000100000000)
  eden space 133120K, 100% used [0x00000000d5d00000,0x00000000ddf00000,0x00000000ddf00000)
  from space 5120K, 0% used [0x00000000ddf00000,0x00000000ddf00000,0x00000000de400000)
  to   space 22528K, 0% used [0x00000000df580000,0x00000000df580000,0x00000000e0b80000)
 ParOldGen       total 132608K, used 28142K [0x0000000081600000, 0x0000000089780000, 0x00000000d5d00000)
  object space 132608K, 21% used [0x0000000081600000,0x000000008317b9a0,0x0000000089780000)
 Metaspace       used 44342K, capacity 45120K, committed 45480K, reserved 1089536K
  class space    used 5498K, capacity 5685K, committed 5808K, reserved 1048576K
Event: 7.969 GC heap after
Heap after GC invocations=8 (full 2):
 PSYoungGen      total 151552K, used 22507K [0x00000000d5d00000, 0x00000000e3a80000, 0x0000000100000000)
  eden space 129024K, 0% used [0x00000000d5d00000,0x00000000d5d00000,0x00000000ddb00000)
  from space 22528K, 99% used [0x00000000df580000,0x00000000e0b7ac10,0x00000000e0b80000)
  to   space 27136K, 0% used [0x00000000ddb00000,0x00000000ddb00000,0x00000000df580000)
 ParOldGen       total 132608K, used 29325K [0x0000000081600000, 0x0000000089780000, 0x00000000d5d00000)
  object space 132608K, 22% used [0x0000000081600000,0x00000000832a37e8,0x0000000089780000)
 Metaspace       used 44342K, capacity 45120K, committed 45480K, reserved 1089536K
  class space    used 5498K, capacity 5685K, committed 5808K, reserved 1048576K
}

