# JRE version: OpenJDK Runtime Environment (8.0_152-b01) (build 1.8.0_152-release-915-b01)
# Java VM: OpenJDK 64-Bit Server VM (25.152-b01 mixed mode windows-amd64 compressed oops)
Heap:
 PSYoungGen      total 146432K, used 30332K [0x00000000e0000000, 0x00000000eb600000, 0x0000000100000000)
  eden space 111104K, 1% used [0x00000000e0000000,0x00000000e01aee50,0x00000000e6c80000)
  from space 35328K, 80% used [0x00000000e6c80000,0x00000000e8870200,0x00000000e8f00000)
  to   space 35840K, 0% used [0x00000000e8f00000,0x00000000e8f00000,0x00000000eb200000)
 ParOldGen       total 116224K, used 52245K [0x00000000a0000000, 0x00000000a7180000, 0x00000000e0000000)
  object space 116224K, 44% used [0x00000000a0000000,0x00000000a3305570,0x00000000a7180000)
 Metaspace       used 55539K, capacity 56776K, committed 56832K, reserved 1099776K
  class space    used 6609K, capacity 6898K, committed 6912K, reserved 1048576K
GC Heap History (10 events):
Event: 11.544 GC heap before
{Heap before GC invocations=12 (full 3):
 PSYoungGen      total 92160K, used 92135K [0x00000000e0000000, 0x00000000e7880000, 0x0000000100000000)
  eden space 74240K, 100% used [0x00000000e0000000,0x00000000e4880000,0x00000000e4880000)
  from space 17920K, 99% used [0x00000000e5e00000,0x00000000e6f79fb0,0x00000000e6f80000)
  to   space 22016K, 0% used [0x00000000e4880000,0x00000000e4880000,0x00000000e5e00000)
 ParOldGen       total 116224K, used 19356K [0x00000000a0000000, 0x00000000a7180000, 0x00000000e0000000)
  object space 116224K, 16% used [0x00000000a0000000,0x00000000a12e7200,0x00000000a7180000)
 Metaspace       used 46526K, capacity 47400K, committed 47744K, reserved 1091584K
  class space    used 5797K, capacity 6012K, committed 6016K, reserved 1048576K
Event: 11.632 GC heap after
Heap after GC invocations=12 (full 3):
 PSYoungGen      total 96256K, used 21986K [0x00000000e0000000, 0x00000000e9e00000, 0x0000000100000000)
  eden space 74240K, 0% used [0x00000000e0000000,0x00000000e0000000,0x00000000e4880000)
  from space 22016K, 99% used [0x00000000e4880000,0x00000000e5df8858,0x00000000e5e00000)
  to   space 28672K, 0% used [0x00000000e8200000,0x00000000e8200000,0x00000000e9e00000)
 ParOldGen       total 116224K, used 27414K [0x00000000a0000000, 0x00000000a7180000, 0x00000000e0000000)
  object space 116224K, 23% used [0x00000000a0000000,0x00000000a1ac5938,0x00000000a7180000)
 Metaspace       used 46526K, capacity 47400K, committed 47744K, reserved 1091584K
  class space    used 5797K, capacity 6012K, committed 6016K, reserved 1048576K
}
Event: 14.026 GC heap before
{Heap before GC invocations=13 (full 3):
 PSYoungGen      total 96256K, used 96226K [0x00000000e0000000, 0x00000000e9e00000, 0x0000000100000000)
  eden space 74240K, 100% used [0x00000000e0000000,0x00000000e4880000,0x00000000e4880000)
  from space 22016K, 99% used [0x00000000e4880000,0x00000000e5df8858,0x00000000e5e00000)
  to   space 28672K, 0% used [0x00000000e8200000,0x00000000e8200000,0x00000000e9e00000)
 ParOldGen       total 116224K, used 27414K [0x00000000a0000000, 0x00000000a7180000, 0x00000000e0000000)
  object space 116224K, 23% used [0x00000000a0000000,0x00000000a1ac5938,0x00000000a7180000)
 Metaspace       used 52683K, capacity 53744K, committed 53888K, reserved 1095680K
  class space    used 6407K, capacity 6676K, committed 6784K, reserved 1048576K
Event: 14.087 GC heap after
Heap after GC invocations=13 (full 3):
 PSYoungGen      total 114176K, used 21507K [0x00000000e0000000, 0x00000000e9780000, 0x0000000100000000)
  eden space 92160K, 0% used [0x00000000e0000000,0x00000000e0000000,0x00000000e5a00000)
  from space 22016K, 97% used [0x00000000e8200000,0x00000000e9700ea0,0x00000000e9780000)
  to   space 30208K, 0% used [0x00000000e5c80000,0x00000000e5c80000,0x00000000e7a00000)
 ParOldGen       total 116224K, used 34938K [0x00000000a0000000, 0x00000000a7180000, 0x00000000e0000000)
  object space 116224K, 30% used [0x00000000a0000000,0x00000000a221e878,0x00000000a7180000)
 Metaspace       used 52683K, capacity 53744K, committed 53888K, reserved 1095680K
  class space    used 6407K, capacity 6676K, committed 6784K, reserved 1048576K
}
Event: 218.994 GC heap before
{Heap before GC invocations=14 (full 3):
 PSYoungGen      total 114176K, used 113667K [0x00000000e0000000, 0x00000000e9780000, 0x0000000100000000)
  eden space 92160K, 100% used [0x00000000e0000000,0x00000000e5a00000,0x00000000e5a00000)
  from space 22016K, 97% used [0x00000000e8200000,0x00000000e9700ea0,0x00000000e9780000)
  to   space 30208K, 0% used [0x00000000e5c80000,0x00000000e5c80000,0x00000000e7a00000)
 ParOldGen       total 116224K, used 34938K [0x00000000a0000000, 0x00000000a7180000, 0x00000000e0000000)
  object space 116224K, 30% used [0x00000000a0000000,0x00000000a221e878,0x00000000a7180000)
 Metaspace       used 54028K, capacity 55174K, committed 55552K, reserved 1097728K
  class space    used 6530K, capacity 6785K, committed 6912K, reserved 1048576K
Event: 219.058 GC heap after
Heap after GC invocations=14 (full 3):
 PSYoungGen      total 124928K, used 30205K [0x00000000e0000000, 0x00000000eb200000, 0x0000000100000000)
  eden space 94720K, 0% used [0x00000000e0000000,0x00000000e0000000,0x00000000e5c80000)
  from space 30208K, 99% used [0x00000000e5c80000,0x00000000e79ff480,0x00000000e7a00000)
  to   space 35840K, 0% used [0x00000000e8f00000,0x00000000e8f00000,0x00000000eb200000)
 ParOldGen       total 116224K, used 37928K [0x00000000a0000000, 0x00000000a7180000, 0x00000000e0000000)
  object space 116224K, 32% used [0x00000000a0000000,0x00000000a250a1e0,0x00000000a7180000)
 Metaspace       used 54028K, capacity 55174K, committed 55552K, reserved 1097728K
  class space    used 6530K, capacity 6785K, committed 6912K, reserved 1048576K
}
Event: 220.898 GC heap before
{Heap before GC invocations=15 (full 3):
 PSYoungGen      total 124928K, used 124925K [0x00000000e0000000, 0x00000000eb200000, 0x0000000100000000)
  eden space 94720K, 100% used [0x00000000e0000000,0x00000000e5c80000,0x00000000e5c80000)
  from space 30208K, 99% used [0x00000000e5c80000,0x00000000e79ff480,0x00000000e7a00000)
  to   space 35840K, 0% used [0x00000000e8f00000,0x00000000e8f00000,0x00000000eb200000)
 ParOldGen       total 116224K, used 37928K [0x00000000a0000000, 0x00000000a7180000, 0x00000000e0000000)
  object space 116224K, 32% used [0x00000000a0000000,0x00000000a250a1e0,0x00000000a7180000)
 Metaspace       used 54752K, capacity 55880K, committed 56064K, reserved 1097728K
  class space    used 6555K, capacity 6820K, committed 6912K, reserved 1048576K
Event: 220.955 GC heap after
Heap after GC invocations=15 (full 3):
 PSYoungGen      total 146944K, used 6480K [0x00000000e0000000, 0x00000000eb600000, 0x0000000100000000)
  eden space 111104K, 0% used [0x00000000e0000000,0x00000000e0000000,0x00000000e6c80000)
  from space 35840K, 18% used [0x00000000e8f00000,0x00000000e9554390,0x00000000eb200000)
  to   space 35328K, 0% used [0x00000000e6c80000,0x00000000e6c80000,0x00000000e8f00000)
 ParOldGen       total 116224K, used 52237K [0x00000000a0000000, 0x00000000a7180000, 0x00000000e0000000)
  object space 116224K, 44% used [0x00000000a0000000,0x00000000a3303570,0x00000000a7180000)
 Metaspace       used 54752K, capacity 55880K, committed 56064K, reserved 1097728K
  class space    used 6555K, capacity 6820K, committed 6912K, reserved 1048576K
}
Event: 441.335 GC heap before
{Heap before GC invocations=16 (full 3):
 PSYoungGen      total 146944K, used 117584K [0x00000000e0000000, 0x00000000eb600000, 0x0000000100000000)
  eden space 111104K, 100% used [0x00000000e0000000,0x00000000e6c80000,0x00000000e6c80000)
  from space 35840K, 18% used [0x00000000e8f00000,0x00000000e9554390,0x00000000eb200000)
  to   space 35328K, 0% used [0x00000000e6c80000,0x00000000e6c80000,0x00000000e8f00000)
 ParOldGen       total 116224K, used 52237K [0x00000000a0000000, 0x00000000a7180000, 0x00000000e0000000)
  object space 116224K, 44% used [0x00000000a0000000,0x00000000a3303570,0x00000000a7180000)
 Metaspace       used 55516K, capacity 56712K, committed 56832K, reserved 1099776K
  class space    used 6608K, capacity 6898K, committed 6912K, reserved 1048576K
Event: 441.397 GC heap after
Heap after GC invocations=16 (full 3):
 PSYoungGen      total 146432K, used 28608K [0x00000000e0000000, 0x00000000eb600000, 0x0000000100000000)
  eden space 111104K, 0% used [0x00000000e0000000,0x00000000e0000000,0x00000000e6c80000)
  from space 35328K, 80% used [0x00000000e6c80000,0x00000000e8870200,0x00000000e8f00000)
  to   space 35840K, 0% used [0x00000000e8f00000,0x00000000e8f00000,0x00000000eb200000)
 ParOldGen       total 116224K, used 52245K [0x00000000a0000000, 0x00000000a7180000, 0x00000000e0000000)
  object space 116224K, 44% used [0x00000000a0000000,0x00000000a3305570,0x00000000a7180000)
 Metaspace       used 55516K, capacity 56712K, committed 56832K, reserved 1099776K
  class space    used 6608K, capacity 6898K, committed 6912K, reserved 1048576K
}

