# JRE version: OpenJDK Runtime Environment (8.0_152-b01) (build 1.8.0_152-release-915-b01)
# Java VM: OpenJDK 64-Bit Server VM (25.152-b01 mixed mode windows-amd64 compressed oops)
Heap:
 PSYoungGen      total 138240K, used 26148K [0x00000000d5d00000, 0x00000000e1800000, 0x0000000100000000)
  eden space 133120K, 19% used [0x00000000d5d00000,0x00000000d76890b8,0x00000000ddf00000)
  from space 5120K, 0% used [0x00000000ddf00000,0x00000000ddf00000,0x00000000de400000)
  to   space 22528K, 0% used [0x00000000e0200000,0x00000000e0200000,0x00000000e1800000)
 ParOldGen       total 66048K, used 28199K [0x0000000081600000, 0x0000000085680000, 0x00000000d5d00000)
  object space 66048K, 42% used [0x0000000081600000,0x0000000083189dd8,0x0000000085680000)
 Metaspace       used 35014K, capacity 35544K, committed 36008K, reserved 1081344K
  class space    used 4372K, capacity 4523K, committed 4528K, reserved 1048576K
GC Heap History (10 events):
Event: 2.466 GC heap before
{Heap before GC invocations=3 (full 0):
 PSYoungGen      total 71680K, used 30568K [0x00000000d5d00000, 0x00000000da800000, 0x0000000100000000)
  eden space 66560K, 38% used [0x00000000d5d00000,0x00000000d75dc670,0x00000000d9e00000)
  from space 5120K, 99% used [0x00000000da300000,0x00000000da7fdad8,0x00000000da800000)
  to   space 5120K, 0% used [0x00000000d9e00000,0x00000000d9e00000,0x00000000da300000)
 ParOldGen       total 87552K, used 8145K [0x0000000081600000, 0x0000000086b80000, 0x00000000d5d00000)
  object space 87552K, 9% used [0x0000000081600000,0x0000000081df4580,0x0000000086b80000)
 Metaspace       used 20794K, capacity 21120K, committed 21296K, reserved 1067008K
  class space    used 2723K, capacity 2852K, committed 2864K, reserved 1048576K
Event: 2.485 GC heap after
Heap after GC invocations=3 (full 0):
 PSYoungGen      total 71680K, used 5113K [0x00000000d5d00000, 0x00000000de900000, 0x0000000100000000)
  eden space 66560K, 0% used [0x00000000d5d00000,0x00000000d5d00000,0x00000000d9e00000)
  from space 5120K, 99% used [0x00000000d9e00000,0x00000000da2fe538,0x00000000da300000)
  to   space 5120K, 0% used [0x00000000de400000,0x00000000de400000,0x00000000de900000)
 ParOldGen       total 87552K, used 12970K [0x0000000081600000, 0x0000000086b80000, 0x00000000d5d00000)
  object space 87552K, 14% used [0x0000000081600000,0x00000000822aa938,0x0000000086b80000)
 Metaspace       used 20794K, capacity 21120K, committed 21296K, reserved 1067008K
  class space    used 2723K, capacity 2852K, committed 2864K, reserved 1048576K
}
Event: 2.485 GC heap before
{Heap before GC invocations=4 (full 1):
 PSYoungGen      total 71680K, used 5113K [0x00000000d5d00000, 0x00000000de900000, 0x0000000100000000)
  eden space 66560K, 0% used [0x00000000d5d00000,0x00000000d5d00000,0x00000000d9e00000)
  from space 5120K, 99% used [0x00000000d9e00000,0x00000000da2fe538,0x00000000da300000)
  to   space 5120K, 0% used [0x00000000de400000,0x00000000de400000,0x00000000de900000)
 ParOldGen       total 87552K, used 12970K [0x0000000081600000, 0x0000000086b80000, 0x00000000d5d00000)
  object space 87552K, 14% used [0x0000000081600000,0x00000000822aa938,0x0000000086b80000)
 Metaspace       used 20794K, capacity 21120K, committed 21296K, reserved 1067008K
  class space    used 2723K, capacity 2852K, committed 2864K, reserved 1048576K
Event: 2.545 GC heap after
Heap after GC invocations=4 (full 1):
 PSYoungGen      total 71680K, used 0K [0x00000000d5d00000, 0x00000000de900000, 0x0000000100000000)
  eden space 66560K, 0% used [0x00000000d5d00000,0x00000000d5d00000,0x00000000d9e00000)
  from space 5120K, 0% used [0x00000000d9e00000,0x00000000d9e00000,0x00000000da300000)
  to   space 5120K, 0% used [0x00000000de400000,0x00000000de400000,0x00000000de900000)
 ParOldGen       total 66048K, used 9817K [0x0000000081600000, 0x0000000085680000, 0x00000000d5d00000)
  object space 66048K, 14% used [0x0000000081600000,0x0000000081f966f8,0x0000000085680000)
 Metaspace       used 20794K, capacity 21120K, committed 21296K, reserved 1067008K
  class space    used 2723K, capacity 2852K, committed 2864K, reserved 1048576K
}
Event: 4.401 GC heap before
{Heap before GC invocations=5 (full 1):
 PSYoungGen      total 71680K, used 66560K [0x00000000d5d00000, 0x00000000de900000, 0x0000000100000000)
  eden space 66560K, 100% used [0x00000000d5d00000,0x00000000d9e00000,0x00000000d9e00000)
  from space 5120K, 0% used [0x00000000d9e00000,0x00000000d9e00000,0x00000000da300000)
  to   space 5120K, 0% used [0x00000000de400000,0x00000000de400000,0x00000000de900000)
 ParOldGen       total 66048K, used 9817K [0x0000000081600000, 0x0000000085680000, 0x00000000d5d00000)
  object space 66048K, 14% used [0x0000000081600000,0x0000000081f966f8,0x0000000085680000)
 Metaspace       used 31439K, capacity 31876K, committed 32432K, reserved 1077248K
  class space    used 4026K, capacity 4176K, committed 4272K, reserved 1048576K
Event: 4.428 GC heap after
Heap after GC invocations=5 (full 1):
 PSYoungGen      total 103424K, used 5096K [0x00000000d5d00000, 0x00000000de900000, 0x0000000100000000)
  eden space 98304K, 0% used [0x00000000d5d00000,0x00000000d5d00000,0x00000000dbd00000)
  from space 5120K, 99% used [0x00000000de400000,0x00000000de8fa148,0x00000000de900000)
  to   space 5120K, 0% used [0x00000000ddf00000,0x00000000ddf00000,0x00000000de400000)
 ParOldGen       total 66048K, used 22891K [0x0000000081600000, 0x0000000085680000, 0x00000000d5d00000)
  object space 66048K, 34% used [0x0000000081600000,0x0000000082c5afd8,0x0000000085680000)
 Metaspace       used 31439K, capacity 31876K, committed 32432K, reserved 1077248K
  class space    used 4026K, capacity 4176K, committed 4272K, reserved 1048576K
}
Event: 5.604 GC heap before
{Heap before GC invocations=6 (full 1):
 PSYoungGen      total 103424K, used 64058K [0x00000000d5d00000, 0x00000000de900000, 0x0000000100000000)
  eden space 98304K, 59% used [0x00000000d5d00000,0x00000000d9694808,0x00000000dbd00000)
  from space 5120K, 99% used [0x00000000de400000,0x00000000de8fa148,0x00000000de900000)
  to   space 5120K, 0% used [0x00000000ddf00000,0x00000000ddf00000,0x00000000de400000)
 ParOldGen       total 66048K, used 22891K [0x0000000081600000, 0x0000000085680000, 0x00000000d5d00000)
  object space 66048K, 34% used [0x0000000081600000,0x0000000082c5afd8,0x0000000085680000)
 Metaspace       used 34574K, capacity 35100K, committed 35496K, reserved 1081344K
  class space    used 4349K, capacity 4487K, committed 4528K, reserved 1048576K
Event: 5.637 GC heap after
Heap after GC invocations=6 (full 1):
 PSYoungGen      total 138240K, used 5120K [0x00000000d5d00000, 0x00000000e1800000, 0x0000000100000000)
  eden space 133120K, 0% used [0x00000000d5d00000,0x00000000d5d00000,0x00000000ddf00000)
  from space 5120K, 100% used [0x00000000ddf00000,0x00000000de400000,0x00000000de400000)
  to   space 22528K, 0% used [0x00000000e0200000,0x00000000e0200000,0x00000000e1800000)
 ParOldGen       total 66048K, used 37832K [0x0000000081600000, 0x0000000085680000, 0x00000000d5d00000)
  object space 66048K, 57% used [0x0000000081600000,0x0000000083af2088,0x0000000085680000)
 Metaspace       used 34574K, capacity 35100K, committed 35496K, reserved 1081344K
  class space    used 4349K, capacity 4487K, committed 4528K, reserved 1048576K
}
Event: 5.637 GC heap before
{Heap before GC invocations=7 (full 2):
 PSYoungGen      total 138240K, used 5120K [0x00000000d5d00000, 0x00000000e1800000, 0x0000000100000000)
  eden space 133120K, 0% used [0x00000000d5d00000,0x00000000d5d00000,0x00000000ddf00000)
  from space 5120K, 100% used [0x00000000ddf00000,0x00000000de400000,0x00000000de400000)
  to   space 22528K, 0% used [0x00000000e0200000,0x00000000e0200000,0x00000000e1800000)
 ParOldGen       total 66048K, used 37832K [0x0000000081600000, 0x0000000085680000, 0x00000000d5d00000)
  object space 66048K, 57% used [0x0000000081600000,0x0000000083af2088,0x0000000085680000)
 Metaspace       used 34574K, capacity 35100K, committed 35496K, reserved 1081344K
  class space    used 4349K, capacity 4487K, committed 4528K, reserved 1048576K
Event: 5.821 GC heap after
Heap after GC invocations=7 (full 2):
 PSYoungGen      total 138240K, used 0K [0x00000000d5d00000, 0x00000000e1800000, 0x0000000100000000)
  eden space 133120K, 0% used [0x00000000d5d00000,0x00000000d5d00000,0x00000000ddf00000)
  from space 5120K, 0% used [0x00000000ddf00000,0x00000000ddf00000,0x00000000de400000)
  to   space 22528K, 0% used [0x00000000e0200000,0x00000000e0200000,0x00000000e1800000)
 ParOldGen       total 66048K, used 28199K [0x0000000081600000, 0x0000000085680000, 0x00000000d5d00000)
  object space 66048K, 42% used [0x0000000081600000,0x0000000083189dd8,0x0000000085680000)
 Metaspace       used 34574K, capacity 35100K, committed 35496K, reserved 1081344K
  class space    used 4349K, capacity 4487K, committed 4528K, reserved 1048576K
}

