# JRE version: OpenJDK Runtime Environment (8.0_152-b01) (build 1.8.0_152-release-915-b01)
# Java VM: OpenJDK 64-Bit Server VM (25.152-b01 mixed mode windows-amd64 compressed oops)
Heap:
 PSYoungGen      total 64512K, used 15771K [0x00000000e0000000, 0x00000000e6980000, 0x0000000100000000)
  eden space 48640K, 1% used [0x00000000e0000000,0x00000000e00ebe08,0x00000000e2f80000)
  from space 15872K, 93% used [0x00000000e2f80000,0x00000000e3dfae88,0x00000000e3f00000)
  to   space 17408K, 0% used [0x00000000e5880000,0x00000000e5880000,0x00000000e6980000)
 ParOldGen       total 58368K, used 29990K [0x00000000a0000000, 0x00000000a3900000, 0x00000000e0000000)
  object space 58368K, 51% used [0x00000000a0000000,0x00000000a1d49b90,0x00000000a3900000)
 Metaspace       used 40996K, capacity 41702K, committed 41984K, reserved 1085440K
  class space    used 5159K, capacity 5319K, committed 5376K, reserved 1048576K
GC Heap History (10 events):
Event: 13.795 GC heap before
{Heap before GC invocations=8 (full 2):
 PSYoungGen      total 38400K, used 32925K [0x00000000e0000000, 0x00000000e4500000, 0x0000000100000000)
  eden space 33280K, 83% used [0x00000000e0000000,0x00000000e1b2b278,0x00000000e2080000)
  from space 5120K, 99% used [0x00000000e2080000,0x00000000e257c518,0x00000000e2580000)
  to   space 5120K, 0% used [0x00000000e4000000,0x00000000e4000000,0x00000000e4500000)
 ParOldGen       total 58368K, used 20355K [0x00000000a0000000, 0x00000000a3900000, 0x00000000e0000000)
  object space 58368K, 34% used [0x00000000a0000000,0x00000000a13e0f40,0x00000000a3900000)
 Metaspace       used 34645K, capacity 35186K, committed 35496K, reserved 1081344K
  class space    used 4421K, capacity 4553K, committed 4608K, reserved 1048576K
Event: 13.813 GC heap after
Heap after GC invocations=8 (full 2):
 PSYoungGen      total 38400K, used 5113K [0x00000000e0000000, 0x00000000e4500000, 0x0000000100000000)
  eden space 33280K, 0% used [0x00000000e0000000,0x00000000e0000000,0x00000000e2080000)
  from space 5120K, 99% used [0x00000000e4000000,0x00000000e44fe660,0x00000000e4500000)
  to   space 5120K, 0% used [0x00000000e2080000,0x00000000e2080000,0x00000000e2580000)
 ParOldGen       total 58368K, used 26836K [0x00000000a0000000, 0x00000000a3900000, 0x00000000e0000000)
  object space 58368K, 45% used [0x00000000a0000000,0x00000000a1a35100,0x00000000a3900000)
 Metaspace       used 34645K, capacity 35186K, committed 35496K, reserved 1081344K
  class space    used 4421K, capacity 4553K, committed 4608K, reserved 1048576K
}
Event: 13.813 GC heap before
{Heap before GC invocations=9 (full 3):
 PSYoungGen      total 38400K, used 5113K [0x00000000e0000000, 0x00000000e4500000, 0x0000000100000000)
  eden space 33280K, 0% used [0x00000000e0000000,0x00000000e0000000,0x00000000e2080000)
  from space 5120K, 99% used [0x00000000e4000000,0x00000000e44fe660,0x00000000e4500000)
  to   space 5120K, 0% used [0x00000000e2080000,0x00000000e2080000,0x00000000e2580000)
 ParOldGen       total 58368K, used 26836K [0x00000000a0000000, 0x00000000a3900000, 0x00000000e0000000)
  object space 58368K, 45% used [0x00000000a0000000,0x00000000a1a35100,0x00000000a3900000)
 Metaspace       used 34645K, capacity 35186K, committed 35496K, reserved 1081344K
  class space    used 4421K, capacity 4553K, committed 4608K, reserved 1048576K
Event: 13.910 GC heap after
Heap after GC invocations=9 (full 3):
 PSYoungGen      total 38400K, used 0K [0x00000000e0000000, 0x00000000e4500000, 0x0000000100000000)
  eden space 33280K, 0% used [0x00000000e0000000,0x00000000e0000000,0x00000000e2080000)
  from space 5120K, 0% used [0x00000000e4000000,0x00000000e4000000,0x00000000e4500000)
  to   space 5120K, 0% used [0x00000000e2080000,0x00000000e2080000,0x00000000e2580000)
 ParOldGen       total 58368K, used 17594K [0x00000000a0000000, 0x00000000a3900000, 0x00000000e0000000)
  object space 58368K, 30% used [0x00000000a0000000,0x00000000a112eb28,0x00000000a3900000)
 Metaspace       used 34645K, capacity 35186K, committed 35496K, reserved 1081344K
  class space    used 4421K, capacity 4553K, committed 4608K, reserved 1048576K
}
Event: 14.359 GC heap before
{Heap before GC invocations=10 (full 3):
 PSYoungGen      total 38400K, used 33262K [0x00000000e0000000, 0x00000000e4500000, 0x0000000100000000)
  eden space 33280K, 99% used [0x00000000e0000000,0x00000000e207b8c0,0x00000000e2080000)
  from space 5120K, 0% used [0x00000000e4000000,0x00000000e4000000,0x00000000e4500000)
  to   space 5120K, 0% used [0x00000000e2080000,0x00000000e2080000,0x00000000e2580000)
 ParOldGen       total 58368K, used 17594K [0x00000000a0000000, 0x00000000a3900000, 0x00000000e0000000)
  object space 58368K, 30% used [0x00000000a0000000,0x00000000a112eb28,0x00000000a3900000)
 Metaspace       used 36206K, capacity 36762K, committed 37288K, reserved 1081344K
  class space    used 4629K, capacity 4755K, committed 4864K, reserved 1048576K
Event: 14.375 GC heap after
Heap after GC invocations=10 (full 3):
 PSYoungGen      total 38400K, used 5109K [0x00000000e0000000, 0x00000000e4500000, 0x0000000100000000)
  eden space 33280K, 0% used [0x00000000e0000000,0x00000000e0000000,0x00000000e2080000)
  from space 5120K, 99% used [0x00000000e2080000,0x00000000e257d4d8,0x00000000e2580000)
  to   space 5120K, 0% used [0x00000000e4000000,0x00000000e4000000,0x00000000e4500000)
 ParOldGen       total 58368K, used 22341K [0x00000000a0000000, 0x00000000a3900000, 0x00000000e0000000)
  object space 58368K, 38% used [0x00000000a0000000,0x00000000a15d1538,0x00000000a3900000)
 Metaspace       used 36206K, capacity 36762K, committed 37288K, reserved 1081344K
  class space    used 4629K, capacity 4755K, committed 4864K, reserved 1048576K
}
Event: 15.450 GC heap before
{Heap before GC invocations=11 (full 3):
 PSYoungGen      total 38400K, used 38389K [0x00000000e0000000, 0x00000000e4500000, 0x0000000100000000)
  eden space 33280K, 100% used [0x00000000e0000000,0x00000000e2080000,0x00000000e2080000)
  from space 5120K, 99% used [0x00000000e2080000,0x00000000e257d4d8,0x00000000e2580000)
  to   space 5120K, 0% used [0x00000000e4000000,0x00000000e4000000,0x00000000e4500000)
 ParOldGen       total 58368K, used 22341K [0x00000000a0000000, 0x00000000a3900000, 0x00000000e0000000)
  object space 58368K, 38% used [0x00000000a0000000,0x00000000a15d1538,0x00000000a3900000)
 Metaspace       used 38326K, capacity 38910K, committed 39296K, reserved 1083392K
  class space    used 4817K, capacity 4967K, committed 4992K, reserved 1048576K
Event: 15.467 GC heap after
Heap after GC invocations=11 (full 3):
 PSYoungGen      total 53760K, used 5120K [0x00000000e0000000, 0x00000000e4e80000, 0x0000000100000000)
  eden space 48640K, 0% used [0x00000000e0000000,0x00000000e0000000,0x00000000e2f80000)
  from space 5120K, 100% used [0x00000000e4000000,0x00000000e4500000,0x00000000e4500000)
  to   space 15872K, 0% used [0x00000000e2f80000,0x00000000e2f80000,0x00000000e3f00000)
 ParOldGen       total 58368K, used 29982K [0x00000000a0000000, 0x00000000a3900000, 0x00000000e0000000)
  object space 58368K, 51% used [0x00000000a0000000,0x00000000a1d47b90,0x00000000a3900000)
 Metaspace       used 38326K, capacity 38910K, committed 39296K, reserved 1083392K
  class space    used 4817K, capacity 4967K, committed 4992K, reserved 1048576K
}
Event: 16.528 GC heap before
{Heap before GC invocations=12 (full 3):
 PSYoungGen      total 53760K, used 53760K [0x00000000e0000000, 0x00000000e4e80000, 0x0000000100000000)
  eden space 48640K, 100% used [0x00000000e0000000,0x00000000e2f80000,0x00000000e2f80000)
  from space 5120K, 100% used [0x00000000e4000000,0x00000000e4500000,0x00000000e4500000)
  to   space 15872K, 0% used [0x00000000e2f80000,0x00000000e2f80000,0x00000000e3f00000)
 ParOldGen       total 58368K, used 29982K [0x00000000a0000000, 0x00000000a3900000, 0x00000000e0000000)
  object space 58368K, 51% used [0x00000000a0000000,0x00000000a1d47b90,0x00000000a3900000)
 Metaspace       used 40933K, capacity 41638K, committed 41984K, reserved 1085440K
  class space    used 5155K, capacity 5319K, committed 5376K, reserved 1048576K
Event: 16.562 GC heap after
Heap after GC invocations=12 (full 3):
 PSYoungGen      total 64512K, used 14827K [0x00000000e0000000, 0x00000000e6980000, 0x0000000100000000)
  eden space 48640K, 0% used [0x00000000e0000000,0x00000000e0000000,0x00000000e2f80000)
  from space 15872K, 93% used [0x00000000e2f80000,0x00000000e3dfae88,0x00000000e3f00000)
  to   space 17408K, 0% used [0x00000000e5880000,0x00000000e5880000,0x00000000e6980000)
 ParOldGen       total 58368K, used 29990K [0x00000000a0000000, 0x00000000a3900000, 0x00000000e0000000)
  object space 58368K, 51% used [0x00000000a0000000,0x00000000a1d49b90,0x00000000a3900000)
 Metaspace       used 40933K, capacity 41638K, committed 41984K, reserved 1085440K
  class space    used 5155K, capacity 5319K, committed 5376K, reserved 1048576K
}

