# JRE version: OpenJDK Runtime Environment (8.0_152-b01) (build 1.8.0_152-release-915-b01)
# Java VM: OpenJDK 64-Bit Server VM (25.152-b01 mixed mode windows-amd64 compressed oops)
Heap:
 PSYoungGen      total 88064K, used 88041K [0x00000000e0000000, 0x00000000e8680000, 0x0000000100000000)
  eden space 82944K, 100% used [0x00000000e0000000,0x00000000e5100000,0x00000000e5100000)
  from space 5120K, 99% used [0x00000000e6600000,0x00000000e6afa5c0,0x00000000e6b00000)
  to   space 21504K, 23% used [0x00000000e5100000,0x00000000e55f25d0,0x00000000e6600000)
 ParOldGen       total 107008K, used 35796K [0x00000000a0000000, 0x00000000a6880000, 0x00000000e0000000)
  object space 107008K, 33% used [0x00000000a0000000,0x00000000a22f5298,0x00000000a6880000)
 Metaspace       used 46194K, capacity 47010K, committed 47360K, reserved 1091584K
  class space    used 5815K, capacity 6035K, committed 6144K, reserved 1048576K
GC Heap History (10 events):
Event: 8.137 GC heap after
Heap after GC invocations=5 (full 2):
 PSYoungGen      total 38400K, used 0K [0x00000000e0000000, 0x00000000e4b00000, 0x0000000100000000)
  eden space 33280K, 0% used [0x00000000e0000000,0x00000000e0000000,0x00000000e2080000)
  from space 5120K, 0% used [0x00000000e2080000,0x00000000e2080000,0x00000000e2580000)
  to   space 5120K, 0% used [0x00000000e4600000,0x00000000e4600000,0x00000000e4b00000)
 ParOldGen       total 59904K, used 10295K [0x00000000a0000000, 0x00000000a3a80000, 0x00000000e0000000)
  object space 59904K, 17% used [0x00000000a0000000,0x00000000a0a0dd00,0x00000000a3a80000)
 Metaspace       used 20737K, capacity 21050K, committed 21296K, reserved 1069056K
  class space    used 2546K, capacity 2621K, committed 2688K, reserved 1048576K
}
Event: 8.815 GC heap before
{Heap before GC invocations=6 (full 2):
 PSYoungGen      total 38400K, used 33280K [0x00000000e0000000, 0x00000000e4b00000, 0x0000000100000000)
  eden space 33280K, 100% used [0x00000000e0000000,0x00000000e2080000,0x00000000e2080000)
  from space 5120K, 0% used [0x00000000e2080000,0x00000000e2080000,0x00000000e2580000)
  to   space 5120K, 0% used [0x00000000e4600000,0x00000000e4600000,0x00000000e4b00000)
 ParOldGen       total 59904K, used 10295K [0x00000000a0000000, 0x00000000a3a80000, 0x00000000e0000000)
  object space 59904K, 17% used [0x00000000a0000000,0x00000000a0a0dd00,0x00000000a3a80000)
 Metaspace       used 24988K, capacity 25424K, committed 25728K, reserved 1071104K
  class space    used 3237K, capacity 3366K, committed 3456K, reserved 1048576K
Event: 8.831 GC heap after
Heap after GC invocations=6 (full 2):
 PSYoungGen      total 62976K, used 5088K [0x00000000e0000000, 0x00000000e4b00000, 0x0000000100000000)
  eden space 57856K, 0% used [0x00000000e0000000,0x00000000e0000000,0x00000000e3880000)
  from space 5120K, 99% used [0x00000000e4600000,0x00000000e4af8280,0x00000000e4b00000)
  to   space 5120K, 0% used [0x00000000e4100000,0x00000000e4100000,0x00000000e4600000)
 ParOldGen       total 59904K, used 12458K [0x00000000a0000000, 0x00000000a3a80000, 0x00000000e0000000)
  object space 59904K, 20% used [0x00000000a0000000,0x00000000a0c2a960,0x00000000a3a80000)
 Metaspace       used 24988K, capacity 25424K, committed 25728K, reserved 1071104K
  class space    used 3237K, capacity 3366K, committed 3456K, reserved 1048576K
}
Event: 10.449 GC heap before
{Heap before GC invocations=7 (full 2):
 PSYoungGen      total 62976K, used 62944K [0x00000000e0000000, 0x00000000e4b00000, 0x0000000100000000)
  eden space 57856K, 100% used [0x00000000e0000000,0x00000000e3880000,0x00000000e3880000)
  from space 5120K, 99% used [0x00000000e4600000,0x00000000e4af8280,0x00000000e4b00000)
  to   space 5120K, 0% used [0x00000000e4100000,0x00000000e4100000,0x00000000e4600000)
 ParOldGen       total 59904K, used 12458K [0x00000000a0000000, 0x00000000a3a80000, 0x00000000e0000000)
  object space 59904K, 20% used [0x00000000a0000000,0x00000000a0c2a960,0x00000000a3a80000)
 Metaspace       used 34586K, capacity 35114K, committed 35496K, reserved 1081344K
  class space    used 4424K, capacity 4551K, committed 4608K, reserved 1048576K
Event: 10.468 GC heap after
Heap after GC invocations=7 (full 2):
 PSYoungGen      total 71680K, used 5093K [0x00000000e0000000, 0x00000000e6b00000, 0x0000000100000000)
  eden space 66560K, 0% used [0x00000000e0000000,0x00000000e0000000,0x00000000e4100000)
  from space 5120K, 99% used [0x00000000e4100000,0x00000000e45f9660,0x00000000e4600000)
  to   space 5120K, 0% used [0x00000000e6600000,0x00000000e6600000,0x00000000e6b00000)
 ParOldGen       total 59904K, used 25966K [0x00000000a0000000, 0x00000000a3a80000, 0x00000000e0000000)
  object space 59904K, 43% used [0x00000000a0000000,0x00000000a195ba38,0x00000000a3a80000)
 Metaspace       used 34586K, capacity 35114K, committed 35496K, reserved 1081344K
  class space    used 4424K, capacity 4551K, committed 4608K, reserved 1048576K
}
Event: 10.468 GC heap before
{Heap before GC invocations=8 (full 3):
 PSYoungGen      total 71680K, used 5093K [0x00000000e0000000, 0x00000000e6b00000, 0x0000000100000000)
  eden space 66560K, 0% used [0x00000000e0000000,0x00000000e0000000,0x00000000e4100000)
  from space 5120K, 99% used [0x00000000e4100000,0x00000000e45f9660,0x00000000e4600000)
  to   space 5120K, 0% used [0x00000000e6600000,0x00000000e6600000,0x00000000e6b00000)
 ParOldGen       total 59904K, used 25966K [0x00000000a0000000, 0x00000000a3a80000, 0x00000000e0000000)
  object space 59904K, 43% used [0x00000000a0000000,0x00000000a195ba38,0x00000000a3a80000)
 Metaspace       used 34586K, capacity 35114K, committed 35496K, reserved 1081344K
  class space    used 4424K, capacity 4551K, committed 4608K, reserved 1048576K
Event: 10.559 GC heap after
Heap after GC invocations=8 (full 3):
 PSYoungGen      total 71680K, used 0K [0x00000000e0000000, 0x00000000e6b00000, 0x0000000100000000)
  eden space 66560K, 0% used [0x00000000e0000000,0x00000000e0000000,0x00000000e4100000)
  from space 5120K, 0% used [0x00000000e4100000,0x00000000e4100000,0x00000000e4600000)
  to   space 5120K, 0% used [0x00000000e6600000,0x00000000e6600000,0x00000000e6b00000)
 ParOldGen       total 107008K, used 23251K [0x00000000a0000000, 0x00000000a6880000, 0x00000000e0000000)
  object space 107008K, 21% used [0x00000000a0000000,0x00000000a16b4fd0,0x00000000a6880000)
 Metaspace       used 34586K, capacity 35114K, committed 35496K, reserved 1081344K
  class space    used 4424K, capacity 4551K, committed 4608K, reserved 1048576K
}
Event: 12.050 GC heap before
{Heap before GC invocations=9 (full 3):
 PSYoungGen      total 71680K, used 66560K [0x00000000e0000000, 0x00000000e6b00000, 0x0000000100000000)
  eden space 66560K, 100% used [0x00000000e0000000,0x00000000e4100000,0x00000000e4100000)
  from space 5120K, 0% used [0x00000000e4100000,0x00000000e4100000,0x00000000e4600000)
  to   space 5120K, 0% used [0x00000000e6600000,0x00000000e6600000,0x00000000e6b00000)
 ParOldGen       total 107008K, used 23251K [0x00000000a0000000, 0x00000000a6880000, 0x00000000e0000000)
  object space 107008K, 21% used [0x00000000a0000000,0x00000000a16b4fd0,0x00000000a6880000)
 Metaspace       used 38666K, capacity 39292K, committed 39680K, reserved 1083392K
  class space    used 4868K, capacity 5030K, committed 5120K, reserved 1048576K
Event: 12.083 GC heap after
Heap after GC invocations=9 (full 3):
 PSYoungGen      total 88064K, used 5097K [0x00000000e0000000, 0x00000000e8680000, 0x0000000100000000)
  eden space 82944K, 0% used [0x00000000e0000000,0x00000000e0000000,0x00000000e5100000)
  from space 5120K, 99% used [0x00000000e6600000,0x00000000e6afa5c0,0x00000000e6b00000)
  to   space 21504K, 0% used [0x00000000e5100000,0x00000000e5100000,0x00000000e6600000)
 ParOldGen       total 107008K, used 35796K [0x00000000a0000000, 0x00000000a6880000, 0x00000000e0000000)
  object space 107008K, 33% used [0x00000000a0000000,0x00000000a22f5298,0x00000000a6880000)
 Metaspace       used 38666K, capacity 39292K, committed 39680K, reserved 1083392K
  class space    used 4868K, capacity 5030K, committed 5120K, reserved 1048576K
}
Event: 15.001 GC heap before
{Heap before GC invocations=10 (full 3):
 PSYoungGen      total 88064K, used 88041K [0x00000000e0000000, 0x00000000e8680000, 0x0000000100000000)
  eden space 82944K, 100% used [0x00000000e0000000,0x00000000e5100000,0x00000000e5100000)
  from space 5120K, 99% used [0x00000000e6600000,0x00000000e6afa5c0,0x00000000e6b00000)
  to   space 21504K, 0% used [0x00000000e5100000,0x00000000e5100000,0x00000000e6600000)
 ParOldGen       total 107008K, used 35796K [0x00000000a0000000, 0x00000000a6880000, 0x00000000e0000000)
  object space 107008K, 33% used [0x00000000a0000000,0x00000000a22f5298,0x00000000a6880000)
 Metaspace       used 46194K, capacity 47010K, committed 47360K, reserved 1091584K
  class space    used 5815K, capacity 6035K, committed 6144K, reserved 1048576K

