# JRE version: OpenJDK Runtime Environment (8.0_152-b01) (build 1.8.0_152-release-915-b01)
# Java VM: OpenJDK 64-Bit Server VM (25.152-b01 mixed mode windows-amd64 compressed oops)
Heap:
 PSYoungGen      total 138240K, used 80298K [0x00000000d5d00000, 0x00000000e1580000, 0x0000000100000000)
  eden space 133120K, 60% used [0x00000000d5d00000,0x00000000dab6abd0,0x00000000ddf00000)
  from space 5120K, 0% used [0x00000000ddf00000,0x00000000ddf00000,0x00000000de400000)
  to   space 22528K, 0% used [0x00000000dff80000,0x00000000dff80000,0x00000000e1580000)
 ParOldGen       total 66048K, used 28195K [0x0000000081600000, 0x0000000085680000, 0x00000000d5d00000)
  object space 66048K, 42% used [0x0000000081600000,0x0000000083188fc0,0x0000000085680000)
 Metaspace       used 40799K, capacity 41516K, committed 42024K, reserved 1085440K
  class space    used 5181K, capacity 5351K, committed 5424K, reserved 1048576K
GC Heap History (10 events):
Event: 2.101 GC heap before
{Heap before GC invocations=3 (full 0):
 PSYoungGen      total 71680K, used 30776K [0x00000000d5d00000, 0x00000000da800000, 0x0000000100000000)
  eden space 66560K, 38% used [0x00000000d5d00000,0x00000000d7615da8,0x00000000d9e00000)
  from space 5120K, 99% used [0x00000000da300000,0x00000000da7f8278,0x00000000da800000)
  to   space 5120K, 0% used [0x00000000d9e00000,0x00000000d9e00000,0x00000000da300000)
 ParOldGen       total 87552K, used 8127K [0x0000000081600000, 0x0000000086b80000, 0x00000000d5d00000)
  object space 87552K, 9% used [0x0000000081600000,0x0000000081defc98,0x0000000086b80000)
 Metaspace       used 20793K, capacity 21120K, committed 21296K, reserved 1067008K
  class space    used 2725K, capacity 2852K, committed 2864K, reserved 1048576K
Event: 2.122 GC heap after
Heap after GC invocations=3 (full 0):
 PSYoungGen      total 71680K, used 5109K [0x00000000d5d00000, 0x00000000de900000, 0x0000000100000000)
  eden space 66560K, 0% used [0x00000000d5d00000,0x00000000d5d00000,0x00000000d9e00000)
  from space 5120K, 99% used [0x00000000d9e00000,0x00000000da2fd538,0x00000000da300000)
  to   space 5120K, 0% used [0x00000000de400000,0x00000000de400000,0x00000000de900000)
 ParOldGen       total 87552K, used 12948K [0x0000000081600000, 0x0000000086b80000, 0x00000000d5d00000)
  object space 87552K, 14% used [0x0000000081600000,0x00000000822a50e0,0x0000000086b80000)
 Metaspace       used 20793K, capacity 21120K, committed 21296K, reserved 1067008K
  class space    used 2725K, capacity 2852K, committed 2864K, reserved 1048576K
}
Event: 2.122 GC heap before
{Heap before GC invocations=4 (full 1):
 PSYoungGen      total 71680K, used 5109K [0x00000000d5d00000, 0x00000000de900000, 0x0000000100000000)
  eden space 66560K, 0% used [0x00000000d5d00000,0x00000000d5d00000,0x00000000d9e00000)
  from space 5120K, 99% used [0x00000000d9e00000,0x00000000da2fd538,0x00000000da300000)
  to   space 5120K, 0% used [0x00000000de400000,0x00000000de400000,0x00000000de900000)
 ParOldGen       total 87552K, used 12948K [0x0000000081600000, 0x0000000086b80000, 0x00000000d5d00000)
  object space 87552K, 14% used [0x0000000081600000,0x00000000822a50e0,0x0000000086b80000)
 Metaspace       used 20793K, capacity 21120K, committed 21296K, reserved 1067008K
  class space    used 2725K, capacity 2852K, committed 2864K, reserved 1048576K
Event: 2.176 GC heap after
Heap after GC invocations=4 (full 1):
 PSYoungGen      total 71680K, used 0K [0x00000000d5d00000, 0x00000000de900000, 0x0000000100000000)
  eden space 66560K, 0% used [0x00000000d5d00000,0x00000000d5d00000,0x00000000d9e00000)
  from space 5120K, 0% used [0x00000000d9e00000,0x00000000d9e00000,0x00000000da300000)
  to   space 5120K, 0% used [0x00000000de400000,0x00000000de400000,0x00000000de900000)
 ParOldGen       total 66048K, used 9824K [0x0000000081600000, 0x0000000085680000, 0x00000000d5d00000)
  object space 66048K, 14% used [0x0000000081600000,0x0000000081f98048,0x0000000085680000)
 Metaspace       used 20793K, capacity 21120K, committed 21296K, reserved 1067008K
  class space    used 2725K, capacity 2852K, committed 2864K, reserved 1048576K
}
Event: 4.218 GC heap before
{Heap before GC invocations=5 (full 1):
 PSYoungGen      total 71680K, used 66560K [0x00000000d5d00000, 0x00000000de900000, 0x0000000100000000)
  eden space 66560K, 100% used [0x00000000d5d00000,0x00000000d9e00000,0x00000000d9e00000)
  from space 5120K, 0% used [0x00000000d9e00000,0x00000000d9e00000,0x00000000da300000)
  to   space 5120K, 0% used [0x00000000de400000,0x00000000de400000,0x00000000de900000)
 ParOldGen       total 66048K, used 9824K [0x0000000081600000, 0x0000000085680000, 0x00000000d5d00000)
  object space 66048K, 14% used [0x0000000081600000,0x0000000081f98048,0x0000000085680000)
 Metaspace       used 31432K, capacity 31940K, committed 32432K, reserved 1077248K
  class space    used 4027K, capacity 4176K, committed 4272K, reserved 1048576K
Event: 4.241 GC heap after
Heap after GC invocations=5 (full 1):
 PSYoungGen      total 102912K, used 5120K [0x00000000d5d00000, 0x00000000de900000, 0x0000000100000000)
  eden space 97792K, 0% used [0x00000000d5d00000,0x00000000d5d00000,0x00000000dbc80000)
  from space 5120K, 100% used [0x00000000de400000,0x00000000de900000,0x00000000de900000)
  to   space 5120K, 0% used [0x00000000ddf00000,0x00000000ddf00000,0x00000000de400000)
 ParOldGen       total 66048K, used 22920K [0x0000000081600000, 0x0000000085680000, 0x00000000d5d00000)
  object space 66048K, 34% used [0x0000000081600000,0x0000000082c623f0,0x0000000085680000)
 Metaspace       used 31432K, capacity 31940K, committed 32432K, reserved 1077248K
  class space    used 4027K, capacity 4176K, committed 4272K, reserved 1048576K
}
Event: 5.498 GC heap before
{Heap before GC invocations=6 (full 1):
 PSYoungGen      total 102912K, used 62187K [0x00000000d5d00000, 0x00000000de900000, 0x0000000100000000)
  eden space 97792K, 58% used [0x00000000d5d00000,0x00000000d94bafb8,0x00000000dbc80000)
  from space 5120K, 100% used [0x00000000de400000,0x00000000de900000,0x00000000de900000)
  to   space 5120K, 0% used [0x00000000ddf00000,0x00000000ddf00000,0x00000000de400000)
 ParOldGen       total 66048K, used 22920K [0x0000000081600000, 0x0000000085680000, 0x00000000d5d00000)
  object space 66048K, 34% used [0x0000000081600000,0x0000000082c623f0,0x0000000085680000)
 Metaspace       used 34605K, capacity 35100K, committed 35496K, reserved 1081344K
  class space    used 4350K, capacity 4487K, committed 4528K, reserved 1048576K
Event: 5.528 GC heap after
Heap after GC invocations=6 (full 1):
 PSYoungGen      total 138240K, used 5097K [0x00000000d5d00000, 0x00000000e1580000, 0x0000000100000000)
  eden space 133120K, 0% used [0x00000000d5d00000,0x00000000d5d00000,0x00000000ddf00000)
  from space 5120K, 99% used [0x00000000ddf00000,0x00000000de3fa5c0,0x00000000de400000)
  to   space 22528K, 0% used [0x00000000dff80000,0x00000000dff80000,0x00000000e1580000)
 ParOldGen       total 66048K, used 37837K [0x0000000081600000, 0x0000000085680000, 0x00000000d5d00000)
  object space 66048K, 57% used [0x0000000081600000,0x0000000083af3780,0x0000000085680000)
 Metaspace       used 34605K, capacity 35100K, committed 35496K, reserved 1081344K
  class space    used 4350K, capacity 4487K, committed 4528K, reserved 1048576K
}
Event: 5.528 GC heap before
{Heap before GC invocations=7 (full 2):
 PSYoungGen      total 138240K, used 5097K [0x00000000d5d00000, 0x00000000e1580000, 0x0000000100000000)
  eden space 133120K, 0% used [0x00000000d5d00000,0x00000000d5d00000,0x00000000ddf00000)
  from space 5120K, 99% used [0x00000000ddf00000,0x00000000de3fa5c0,0x00000000de400000)
  to   space 22528K, 0% used [0x00000000dff80000,0x00000000dff80000,0x00000000e1580000)
 ParOldGen       total 66048K, used 37837K [0x0000000081600000, 0x0000000085680000, 0x00000000d5d00000)
  object space 66048K, 57% used [0x0000000081600000,0x0000000083af3780,0x0000000085680000)
 Metaspace       used 34605K, capacity 35100K, committed 35496K, reserved 1081344K
  class space    used 4350K, capacity 4487K, committed 4528K, reserved 1048576K
Event: 5.673 GC heap after
Heap after GC invocations=7 (full 2):
 PSYoungGen      total 138240K, used 0K [0x00000000d5d00000, 0x00000000e1580000, 0x0000000100000000)
  eden space 133120K, 0% used [0x00000000d5d00000,0x00000000d5d00000,0x00000000ddf00000)
  from space 5120K, 0% used [0x00000000ddf00000,0x00000000ddf00000,0x00000000de400000)
  to   space 22528K, 0% used [0x00000000dff80000,0x00000000dff80000,0x00000000e1580000)
 ParOldGen       total 66048K, used 28195K [0x0000000081600000, 0x0000000085680000, 0x00000000d5d00000)
  object space 66048K, 42% used [0x0000000081600000,0x0000000083188fc0,0x0000000085680000)
 Metaspace       used 34605K, capacity 35100K, committed 35496K, reserved 1081344K
  class space    used 4350K, capacity 4487K, committed 4528K, reserved 1048576K
}

