# JRE version: OpenJDK Runtime Environment (8.0_152-b01) (build 1.8.0_152-release-915-b01)
# Java VM: OpenJDK 64-Bit Server VM (25.152-b01 mixed mode windows-amd64 compressed oops)
Heap:
 PSYoungGen      total 163840K, used 163837K [0x00000000e0000000, 0x00000000ecc80000, 0x0000000100000000)
  eden space 123904K, 100% used [0x00000000e0000000,0x00000000e7900000,0x00000000e7900000)
  from space 39936K, 99% used [0x00000000e7900000,0x00000000e9fff728,0x00000000ea000000)
  to   space 37376K, 74% used [0x00000000ea000000,0x00000000ebb2f338,0x00000000ec480000)
 ParOldGen       total 109056K, used 80291K [0x00000000a0000000, 0x00000000a6a80000, 0x00000000e0000000)
  object space 109056K, 73% used [0x00000000a0000000,0x00000000a4e6ae20,0x00000000a6a80000)
 Metaspace       used 56615K, capacity 58112K, committed 58240K, reserved 1099776K
  class space    used 6668K, capacity 7006K, committed 7040K, reserved 1048576K
GC Heap History (10 events):
Event: 8.620 GC heap after
Heap after GC invocations=12 (full 3):
 PSYoungGen      total 103936K, used 23548K [0x00000000e0000000, 0x00000000ea980000, 0x0000000100000000)
  eden space 80384K, 0% used [0x00000000e0000000,0x00000000e0000000,0x00000000e4e80000)
  from space 23552K, 99% used [0x00000000e4e80000,0x00000000e657f1a8,0x00000000e6580000)
  to   space 30208K, 0% used [0x00000000e8c00000,0x00000000e8c00000,0x00000000ea980000)
 ParOldGen       total 109056K, used 27046K [0x00000000a0000000, 0x00000000a6a80000, 0x00000000e0000000)
  object space 109056K, 24% used [0x00000000a0000000,0x00000000a1a699b8,0x00000000a6a80000)
 Metaspace       used 47756K, capacity 48680K, committed 49024K, reserved 1091584K
  class space    used 5932K, capacity 6162K, committed 6272K, reserved 1048576K
}
Event: 10.134 GC heap before
{Heap before GC invocations=13 (full 3):
 PSYoungGen      total 103936K, used 103932K [0x00000000e0000000, 0x00000000ea980000, 0x0000000100000000)
  eden space 80384K, 100% used [0x00000000e0000000,0x00000000e4e80000,0x00000000e4e80000)
  from space 23552K, 99% used [0x00000000e4e80000,0x00000000e657f1a8,0x00000000e6580000)
  to   space 30208K, 0% used [0x00000000e8c00000,0x00000000e8c00000,0x00000000ea980000)
 ParOldGen       total 109056K, used 27046K [0x00000000a0000000, 0x00000000a6a80000, 0x00000000e0000000)
  object space 109056K, 24% used [0x00000000a0000000,0x00000000a1a699b8,0x00000000a6a80000)
 Metaspace       used 53094K, capacity 54126K, committed 54400K, reserved 1097728K
  class space    used 6464K, capacity 6713K, committed 6784K, reserved 1048576K
Event: 10.205 GC heap after
Heap after GC invocations=13 (full 3):
 PSYoungGen      total 122880K, used 19775K [0x00000000e0000000, 0x00000000ea000000, 0x0000000100000000)
  eden space 102400K, 0% used [0x00000000e0000000,0x00000000e0000000,0x00000000e6400000)
  from space 20480K, 96% used [0x00000000e8c00000,0x00000000e9f4fc68,0x00000000ea000000)
  to   space 30720K, 0% used [0x00000000e6400000,0x00000000e6400000,0x00000000e8200000)
 ParOldGen       total 109056K, used 36879K [0x00000000a0000000, 0x00000000a6a80000, 0x00000000e0000000)
  object space 109056K, 33% used [0x00000000a0000000,0x00000000a2403e80,0x00000000a6a80000)
 Metaspace       used 53094K, capacity 54126K, committed 54400K, reserved 1097728K
  class space    used 6464K, capacity 6713K, committed 6784K, reserved 1048576K
}
Event: 254.193 GC heap before
{Heap before GC invocations=14 (full 3):
 PSYoungGen      total 122880K, used 122175K [0x00000000e0000000, 0x00000000ea000000, 0x0000000100000000)
  eden space 102400K, 100% used [0x00000000e0000000,0x00000000e6400000,0x00000000e6400000)
  from space 20480K, 96% used [0x00000000e8c00000,0x00000000e9f4fc68,0x00000000ea000000)
  to   space 30720K, 0% used [0x00000000e6400000,0x00000000e6400000,0x00000000e8200000)
 ParOldGen       total 109056K, used 36879K [0x00000000a0000000, 0x00000000a6a80000, 0x00000000e0000000)
  object space 109056K, 33% used [0x00000000a0000000,0x00000000a2403e80,0x00000000a6a80000)
 Metaspace       used 53897K, capacity 54984K, committed 55168K, reserved 1097728K
  class space    used 6516K, capacity 6758K, committed 6784K, reserved 1048576K
Event: 254.305 GC heap after
Heap after GC invocations=14 (full 3):
 PSYoungGen      total 133120K, used 30693K [0x00000000e0000000, 0x00000000ec480000, 0x0000000100000000)
  eden space 102400K, 0% used [0x00000000e0000000,0x00000000e0000000,0x00000000e6400000)
  from space 30720K, 99% used [0x00000000e6400000,0x00000000e81f96a8,0x00000000e8200000)
  to   space 37376K, 0% used [0x00000000ea000000,0x00000000ea000000,0x00000000ec480000)
 ParOldGen       total 109056K, used 42879K [0x00000000a0000000, 0x00000000a6a80000, 0x00000000e0000000)
  object space 109056K, 39% used [0x00000000a0000000,0x00000000a29dfcb0,0x00000000a6a80000)
 Metaspace       used 53897K, capacity 54984K, committed 55168K, reserved 1097728K
  class space    used 6516K, capacity 6758K, committed 6784K, reserved 1048576K
}
Event: 256.590 GC heap before
{Heap before GC invocations=15 (full 3):
 PSYoungGen      total 133120K, used 133093K [0x00000000e0000000, 0x00000000ec480000, 0x0000000100000000)
  eden space 102400K, 100% used [0x00000000e0000000,0x00000000e6400000,0x00000000e6400000)
  from space 30720K, 99% used [0x00000000e6400000,0x00000000e81f96a8,0x00000000e8200000)
  to   space 37376K, 0% used [0x00000000ea000000,0x00000000ea000000,0x00000000ec480000)
 ParOldGen       total 109056K, used 42879K [0x00000000a0000000, 0x00000000a6a80000, 0x00000000e0000000)
  object space 109056K, 39% used [0x00000000a0000000,0x00000000a29dfcb0,0x00000000a6a80000)
 Metaspace       used 54902K, capacity 56040K, committed 56320K, reserved 1099776K
  class space    used 6541K, capacity 6798K, committed 6912K, reserved 1048576K
Event: 256.690 GC heap after
Heap after GC invocations=15 (full 3):
 PSYoungGen      total 161280K, used 28284K [0x00000000e0000000, 0x00000000ecc80000, 0x0000000100000000)
  eden space 123904K, 0% used [0x00000000e0000000,0x00000000e0000000,0x00000000e7900000)
  from space 37376K, 75% used [0x00000000ea000000,0x00000000ebb9f180,0x00000000ec480000)
  to   space 39936K, 0% used [0x00000000e7900000,0x00000000e7900000,0x00000000ea000000)
 ParOldGen       total 109056K, used 55400K [0x00000000a0000000, 0x00000000a6a80000, 0x00000000e0000000)
  object space 109056K, 50% used [0x00000000a0000000,0x00000000a361a190,0x00000000a6a80000)
 Metaspace       used 54902K, capacity 56040K, committed 56320K, reserved 1099776K
  class space    used 6541K, capacity 6798K, committed 6912K, reserved 1048576K
}
Event: 935.193 GC heap before
{Heap before GC invocations=16 (full 3):
 PSYoungGen      total 161280K, used 152188K [0x00000000e0000000, 0x00000000ecc80000, 0x0000000100000000)
  eden space 123904K, 100% used [0x00000000e0000000,0x00000000e7900000,0x00000000e7900000)
  from space 37376K, 75% used [0x00000000ea000000,0x00000000ebb9f180,0x00000000ec480000)
  to   space 39936K, 0% used [0x00000000e7900000,0x00000000e7900000,0x00000000ea000000)
 ParOldGen       total 109056K, used 55400K [0x00000000a0000000, 0x00000000a6a80000, 0x00000000e0000000)
  object space 109056K, 50% used [0x00000000a0000000,0x00000000a361a190,0x00000000a6a80000)
 Metaspace       used 55455K, capacity 56614K, committed 56832K, reserved 1099776K
  class space    used 6574K, capacity 6839K, committed 6912K, reserved 1048576K
Event: 935.273 GC heap after
Heap after GC invocations=16 (full 3):
 PSYoungGen      total 163840K, used 39933K [0x00000000e0000000, 0x00000000ecc80000, 0x0000000100000000)
  eden space 123904K, 0% used [0x00000000e0000000,0x00000000e0000000,0x00000000e7900000)
  from space 39936K, 99% used [0x00000000e7900000,0x00000000e9fff728,0x00000000ea000000)
  to   space 37376K, 0% used [0x00000000ea000000,0x00000000ea000000,0x00000000ec480000)
 ParOldGen       total 109056K, used 64247K [0x00000000a0000000, 0x00000000a6a80000, 0x00000000e0000000)
  object space 109056K, 58% used [0x00000000a0000000,0x00000000a3ebdf80,0x00000000a6a80000)
 Metaspace       used 55455K, capacity 56614K, committed 56832K, reserved 1099776K
  class space    used 6574K, capacity 6839K, committed 6912K, reserved 1048576K
}
Event: 937.183 GC heap before
{Heap before GC invocations=17 (full 3):
 PSYoungGen      total 163840K, used 163837K [0x00000000e0000000, 0x00000000ecc80000, 0x0000000100000000)
  eden space 123904K, 100% used [0x00000000e0000000,0x00000000e7900000,0x00000000e7900000)
  from space 39936K, 99% used [0x00000000e7900000,0x00000000e9fff728,0x00000000ea000000)
  to   space 37376K, 0% used [0x00000000ea000000,0x00000000ea000000,0x00000000ec480000)
 ParOldGen       total 109056K, used 64247K [0x00000000a0000000, 0x00000000a6a80000, 0x00000000e0000000)
  object space 109056K, 58% used [0x00000000a0000000,0x00000000a3ebdf80,0x00000000a6a80000)
 Metaspace       used 56615K, capacity 58112K, committed 58240K, reserved 1099776K
  class space    used 6668K, capacity 7006K, committed 7040K, reserved 1048576K

