# JRE version: OpenJDK Runtime Environment (8.0_152-b01) (build 1.8.0_152-release-915-b01)
# Java VM: OpenJDK 64-Bit Server VM (25.152-b01 mixed mode windows-amd64 compressed oops)
Heap:
 PSYoungGen      total 86528K, used 60609K [0x00000000e0000000, 0x00000000e6f80000, 0x0000000100000000)
  eden space 69120K, 62% used [0x00000000e0000000,0x00000000e2a31c30,0x00000000e4380000)
  from space 17408K, 99% used [0x00000000e5780000,0x00000000e687ea98,0x00000000e6880000)
  to   space 20480K, 0% used [0x00000000e4380000,0x00000000e4380000,0x00000000e5780000)
 ParOldGen       total 96768K, used 19311K [0x00000000a0000000, 0x00000000a5e80000, 0x00000000e0000000)
  object space 96768K, 19% used [0x00000000a0000000,0x00000000a12dbcf8,0x00000000a5e80000)
 Metaspace       used 44928K, capacity 45766K, committed 46208K, reserved 1089536K
  class space    used 5714K, capacity 5905K, committed 6016K, reserved 1048576K
GC Heap History (10 events):
Event: 13.061 GC heap before
{Heap before GC invocations=7 (full 2):
 PSYoungGen      total 38400K, used 38397K [0x00000000e0000000, 0x00000000e4400000, 0x0000000100000000)
  eden space 33280K, 100% used [0x00000000e0000000,0x00000000e2080000,0x00000000e2080000)
  from space 5120K, 99% used [0x00000000e2580000,0x00000000e2a7f5d0,0x00000000e2a80000)
  to   space 5120K, 0% used [0x00000000e2080000,0x00000000e2080000,0x00000000e2580000)
 ParOldGen       total 58880K, used 12423K [0x00000000a0000000, 0x00000000a3980000, 0x00000000e0000000)
  object space 58880K, 21% used [0x00000000a0000000,0x00000000a0c21ee8,0x00000000a3980000)
 Metaspace       used 30263K, capacity 30772K, committed 31232K, reserved 1077248K
  class space    used 3909K, capacity 4050K, committed 4096K, reserved 1048576K
Event: 13.086 GC heap after
Heap after GC invocations=7 (full 2):
 PSYoungGen      total 38400K, used 5117K [0x00000000e0000000, 0x00000000e4580000, 0x0000000100000000)
  eden space 33280K, 0% used [0x00000000e0000000,0x00000000e0000000,0x00000000e2080000)
  from space 5120K, 99% used [0x00000000e2080000,0x00000000e257f508,0x00000000e2580000)
  to   space 5120K, 0% used [0x00000000e4080000,0x00000000e4080000,0x00000000e4580000)
 ParOldGen       total 58880K, used 19717K [0x00000000a0000000, 0x00000000a3980000, 0x00000000e0000000)
  object space 58880K, 33% used [0x00000000a0000000,0x00000000a13414b8,0x00000000a3980000)
 Metaspace       used 30263K, capacity 30772K, committed 31232K, reserved 1077248K
  class space    used 3909K, capacity 4050K, committed 4096K, reserved 1048576K
}
Event: 13.977 GC heap before
{Heap before GC invocations=8 (full 2):
 PSYoungGen      total 38400K, used 33414K [0x00000000e0000000, 0x00000000e4580000, 0x0000000100000000)
  eden space 33280K, 85% used [0x00000000e0000000,0x00000000e1ba24c8,0x00000000e2080000)
  from space 5120K, 99% used [0x00000000e2080000,0x00000000e257f508,0x00000000e2580000)
  to   space 5120K, 0% used [0x00000000e4080000,0x00000000e4080000,0x00000000e4580000)
 ParOldGen       total 58880K, used 19717K [0x00000000a0000000, 0x00000000a3980000, 0x00000000e0000000)
  object space 58880K, 33% used [0x00000000a0000000,0x00000000a13414b8,0x00000000a3980000)
 Metaspace       used 34674K, capacity 35204K, committed 35496K, reserved 1081344K
  class space    used 4426K, capacity 4556K, committed 4608K, reserved 1048576K
Event: 13.996 GC heap after
Heap after GC invocations=8 (full 2):
 PSYoungGen      total 55808K, used 5093K [0x00000000e0000000, 0x00000000e5980000, 0x0000000100000000)
  eden space 50688K, 0% used [0x00000000e0000000,0x00000000e0000000,0x00000000e3180000)
  from space 5120K, 99% used [0x00000000e4080000,0x00000000e4579650,0x00000000e4580000)
  to   space 15360K, 0% used [0x00000000e3180000,0x00000000e3180000,0x00000000e4080000)
 ParOldGen       total 58880K, used 26645K [0x00000000a0000000, 0x00000000a3980000, 0x00000000e0000000)
  object space 58880K, 45% used [0x00000000a0000000,0x00000000a1a05400,0x00000000a3980000)
 Metaspace       used 34674K, capacity 35204K, committed 35496K, reserved 1081344K
  class space    used 4426K, capacity 4556K, committed 4608K, reserved 1048576K
}
Event: 13.996 GC heap before
{Heap before GC invocations=9 (full 3):
 PSYoungGen      total 55808K, used 5093K [0x00000000e0000000, 0x00000000e5980000, 0x0000000100000000)
  eden space 50688K, 0% used [0x00000000e0000000,0x00000000e0000000,0x00000000e3180000)
  from space 5120K, 99% used [0x00000000e4080000,0x00000000e4579650,0x00000000e4580000)
  to   space 15360K, 0% used [0x00000000e3180000,0x00000000e3180000,0x00000000e4080000)
 ParOldGen       total 58880K, used 26645K [0x00000000a0000000, 0x00000000a3980000, 0x00000000e0000000)
  object space 58880K, 45% used [0x00000000a0000000,0x00000000a1a05400,0x00000000a3980000)
 Metaspace       used 34674K, capacity 35204K, committed 35496K, reserved 1081344K
  class space    used 4426K, capacity 4556K, committed 4608K, reserved 1048576K
Event: 14.119 GC heap after
Heap after GC invocations=9 (full 3):
 PSYoungGen      total 55808K, used 0K [0x00000000e0000000, 0x00000000e5980000, 0x0000000100000000)
  eden space 50688K, 0% used [0x00000000e0000000,0x00000000e0000000,0x00000000e3180000)
  from space 5120K, 0% used [0x00000000e4080000,0x00000000e4080000,0x00000000e4580000)
  to   space 15360K, 0% used [0x00000000e3180000,0x00000000e3180000,0x00000000e4080000)
 ParOldGen       total 96768K, used 17909K [0x00000000a0000000, 0x00000000a5e80000, 0x00000000e0000000)
  object space 96768K, 18% used [0x00000000a0000000,0x00000000a117d400,0x00000000a5e80000)
 Metaspace       used 34674K, capacity 35204K, committed 35496K, reserved 1081344K
  class space    used 4426K, capacity 4556K, committed 4608K, reserved 1048576K
}
Event: 15.276 GC heap before
{Heap before GC invocations=10 (full 3):
 PSYoungGen      total 55808K, used 50688K [0x00000000e0000000, 0x00000000e5980000, 0x0000000100000000)
  eden space 50688K, 100% used [0x00000000e0000000,0x00000000e3180000,0x00000000e3180000)
  from space 5120K, 0% used [0x00000000e4080000,0x00000000e4080000,0x00000000e4580000)
  to   space 15360K, 0% used [0x00000000e3180000,0x00000000e3180000,0x00000000e4080000)
 ParOldGen       total 96768K, used 17909K [0x00000000a0000000, 0x00000000a5e80000, 0x00000000e0000000)
  object space 96768K, 18% used [0x00000000a0000000,0x00000000a117d400,0x00000000a5e80000)
 Metaspace       used 37872K, capacity 38504K, committed 38784K, reserved 1083392K
  class space    used 4807K, capacity 4962K, committed 4992K, reserved 1048576K
Event: 15.303 GC heap after
Heap after GC invocations=10 (full 3):
 PSYoungGen      total 66048K, used 14708K [0x00000000e0000000, 0x00000000e6880000, 0x0000000100000000)
  eden space 50688K, 0% used [0x00000000e0000000,0x00000000e0000000,0x00000000e3180000)
  from space 15360K, 95% used [0x00000000e3180000,0x00000000e3fdd1c0,0x00000000e4080000)
  to   space 17408K, 0% used [0x00000000e5780000,0x00000000e5780000,0x00000000e6880000)
 ParOldGen       total 96768K, used 17917K [0x00000000a0000000, 0x00000000a5e80000, 0x00000000e0000000)
  object space 96768K, 18% used [0x00000000a0000000,0x00000000a117f400,0x00000000a5e80000)
 Metaspace       used 37872K, capacity 38504K, committed 38784K, reserved 1083392K
  class space    used 4807K, capacity 4962K, committed 4992K, reserved 1048576K
}
Event: 16.512 GC heap before
{Heap before GC invocations=11 (full 3):
 PSYoungGen      total 66048K, used 65396K [0x00000000e0000000, 0x00000000e6880000, 0x0000000100000000)
  eden space 50688K, 100% used [0x00000000e0000000,0x00000000e3180000,0x00000000e3180000)
  from space 15360K, 95% used [0x00000000e3180000,0x00000000e3fdd1c0,0x00000000e4080000)
  to   space 17408K, 0% used [0x00000000e5780000,0x00000000e5780000,0x00000000e6880000)
 ParOldGen       total 96768K, used 17917K [0x00000000a0000000, 0x00000000a5e80000, 0x00000000e0000000)
  object space 96768K, 18% used [0x00000000a0000000,0x00000000a117f400,0x00000000a5e80000)
 Metaspace       used 39633K, capacity 40294K, committed 40704K, reserved 1085440K
  class space    used 4969K, capacity 5113K, committed 5120K, reserved 1048576K
Event: 16.544 GC heap after
Heap after GC invocations=11 (full 3):
 PSYoungGen      total 86528K, used 17402K [0x00000000e0000000, 0x00000000e6f80000, 0x0000000100000000)
  eden space 69120K, 0% used [0x00000000e0000000,0x00000000e0000000,0x00000000e4380000)
  from space 17408K, 99% used [0x00000000e5780000,0x00000000e687ea98,0x00000000e6880000)
  to   space 20480K, 0% used [0x00000000e4380000,0x00000000e4380000,0x00000000e5780000)
 ParOldGen       total 96768K, used 19311K [0x00000000a0000000, 0x00000000a5e80000, 0x00000000e0000000)
  object space 96768K, 19% used [0x00000000a0000000,0x00000000a12dbcf8,0x00000000a5e80000)
 Metaspace       used 39633K, capacity 40294K, committed 40704K, reserved 1085440K
  class space    used 4969K, capacity 5113K, committed 5120K, reserved 1048576K
}

