# JRE version: OpenJDK Runtime Environment (8.0_152-b01) (build 1.8.0_152-release-915-b01)
# Java VM: OpenJDK 64-Bit Server VM (25.152-b01 mixed mode windows-amd64 compressed oops)
Heap:
 PSYoungGen      total 128512K, used 78664K [0x00000000e0000000, 0x00000000e9d80000, 0x0000000100000000)
  eden space 100864K, 50% used [0x00000000e0000000,0x00000000e31d52c0,0x00000000e6280000)
  from space 27648K, 99% used [0x00000000e6280000,0x00000000e7d7cd78,0x00000000e7d80000)
  to   space 20480K, 0% used [0x00000000e7d80000,0x00000000e7d80000,0x00000000e9180000)
 ParOldGen       total 97280K, used 29605K [0x00000000a0000000, 0x00000000a5f00000, 0x00000000e0000000)
  object space 97280K, 30% used [0x00000000a0000000,0x00000000a1ce94a8,0x00000000a5f00000)
 Metaspace       used 52599K, capacity 53622K, committed 53888K, reserved 1095680K
  class space    used 6441K, capacity 6679K, committed 6784K, reserved 1048576K
GC Heap History (10 events):
Event: 7.984 GC heap before
{Heap before GC invocations=8 (full 2):
 PSYoungGen      total 71680K, used 12280K [0x00000000e0000000, 0x00000000e5a00000, 0x0000000100000000)
  eden space 66560K, 10% used [0x00000000e0000000,0x00000000e06feb48,0x00000000e4100000)
  from space 5120K, 99% used [0x00000000e4100000,0x00000000e45ff508,0x00000000e4600000)
  to   space 5120K, 0% used [0x00000000e5500000,0x00000000e5500000,0x00000000e5a00000)
 ParOldGen       total 66048K, used 25241K [0x00000000a0000000, 0x00000000a4080000, 0x00000000e0000000)
  object space 66048K, 38% used [0x00000000a0000000,0x00000000a18a67e0,0x00000000a4080000)
 Metaspace       used 34611K, capacity 35114K, committed 35496K, reserved 1081344K
  class space    used 4426K, capacity 4551K, committed 4608K, reserved 1048576K
Event: 7.999 GC heap after
Heap after GC invocations=8 (full 2):
 PSYoungGen      total 75264K, used 5117K [0x00000000e0000000, 0x00000000e9180000, 0x0000000100000000)
  eden space 70144K, 0% used [0x00000000e0000000,0x00000000e0000000,0x00000000e4480000)
  from space 5120K, 99% used [0x00000000e5500000,0x00000000e59ff508,0x00000000e5a00000)
  to   space 16896K, 0% used [0x00000000e4480000,0x00000000e4480000,0x00000000e5500000)
 ParOldGen       total 66048K, used 26916K [0x00000000a0000000, 0x00000000a4080000, 0x00000000e0000000)
  object space 66048K, 40% used [0x00000000a0000000,0x00000000a1a493e0,0x00000000a4080000)
 Metaspace       used 34611K, capacity 35114K, committed 35496K, reserved 1081344K
  class space    used 4426K, capacity 4551K, committed 4608K, reserved 1048576K
}
Event: 7.999 GC heap before
{Heap before GC invocations=9 (full 3):
 PSYoungGen      total 75264K, used 5117K [0x00000000e0000000, 0x00000000e9180000, 0x0000000100000000)
  eden space 70144K, 0% used [0x00000000e0000000,0x00000000e0000000,0x00000000e4480000)
  from space 5120K, 99% used [0x00000000e5500000,0x00000000e59ff508,0x00000000e5a00000)
  to   space 16896K, 0% used [0x00000000e4480000,0x00000000e4480000,0x00000000e5500000)
 ParOldGen       total 66048K, used 26916K [0x00000000a0000000, 0x00000000a4080000, 0x00000000e0000000)
  object space 66048K, 40% used [0x00000000a0000000,0x00000000a1a493e0,0x00000000a4080000)
 Metaspace       used 34611K, capacity 35114K, committed 35496K, reserved 1081344K
  class space    used 4426K, capacity 4551K, committed 4608K, reserved 1048576K
Event: 8.091 GC heap after
Heap after GC invocations=9 (full 3):
 PSYoungGen      total 75264K, used 0K [0x00000000e0000000, 0x00000000e9180000, 0x0000000100000000)
  eden space 70144K, 0% used [0x00000000e0000000,0x00000000e0000000,0x00000000e4480000)
  from space 5120K, 0% used [0x00000000e5500000,0x00000000e5500000,0x00000000e5a00000)
  to   space 16896K, 0% used [0x00000000e4480000,0x00000000e4480000,0x00000000e5500000)
 ParOldGen       total 97280K, used 13912K [0x00000000a0000000, 0x00000000a5f00000, 0x00000000e0000000)
  object space 97280K, 14% used [0x00000000a0000000,0x00000000a0d96380,0x00000000a5f00000)
 Metaspace       used 34611K, capacity 35114K, committed 35496K, reserved 1081344K
  class space    used 4426K, capacity 4551K, committed 4608K, reserved 1048576K
}
Event: 9.703 GC heap before
{Heap before GC invocations=10 (full 3):
 PSYoungGen      total 75264K, used 70144K [0x00000000e0000000, 0x00000000e9180000, 0x0000000100000000)
  eden space 70144K, 100% used [0x00000000e0000000,0x00000000e4480000,0x00000000e4480000)
  from space 5120K, 0% used [0x00000000e5500000,0x00000000e5500000,0x00000000e5a00000)
  to   space 16896K, 0% used [0x00000000e4480000,0x00000000e4480000,0x00000000e5500000)
 ParOldGen       total 97280K, used 13912K [0x00000000a0000000, 0x00000000a5f00000, 0x00000000e0000000)
  object space 97280K, 14% used [0x00000000a0000000,0x00000000a0d96380,0x00000000a5f00000)
 Metaspace       used 38724K, capacity 39324K, committed 39936K, reserved 1083392K
  class space    used 4868K, capacity 4998K, committed 5120K, reserved 1048576K
Event: 9.727 GC heap after
Heap after GC invocations=10 (full 3):
 PSYoungGen      total 87040K, used 16883K [0x00000000e0000000, 0x00000000e9180000, 0x0000000100000000)
  eden space 70144K, 0% used [0x00000000e0000000,0x00000000e0000000,0x00000000e4480000)
  from space 16896K, 99% used [0x00000000e4480000,0x00000000e54fcd50,0x00000000e5500000)
  to   space 20480K, 0% used [0x00000000e7d80000,0x00000000e7d80000,0x00000000e9180000)
 ParOldGen       total 97280K, used 15498K [0x00000000a0000000, 0x00000000a5f00000, 0x00000000e0000000)
  object space 97280K, 15% used [0x00000000a0000000,0x00000000a0f22948,0x00000000a5f00000)
 Metaspace       used 38724K, capacity 39324K, committed 39936K, reserved 1083392K
  class space    used 4868K, capacity 4998K, committed 5120K, reserved 1048576K
}
Event: 12.062 GC heap before
{Heap before GC invocations=11 (full 3):
 PSYoungGen      total 87040K, used 87027K [0x00000000e0000000, 0x00000000e9180000, 0x0000000100000000)
  eden space 70144K, 100% used [0x00000000e0000000,0x00000000e4480000,0x00000000e4480000)
  from space 16896K, 99% used [0x00000000e4480000,0x00000000e54fcd50,0x00000000e5500000)
  to   space 20480K, 0% used [0x00000000e7d80000,0x00000000e7d80000,0x00000000e9180000)
 ParOldGen       total 97280K, used 15498K [0x00000000a0000000, 0x00000000a5f00000, 0x00000000e0000000)
  object space 97280K, 15% used [0x00000000a0000000,0x00000000a0f22948,0x00000000a5f00000)
 Metaspace       used 45811K, capacity 46620K, committed 47104K, reserved 1089536K
  class space    used 5800K, capacity 6034K, committed 6144K, reserved 1048576K
Event: 12.098 GC heap after
Heap after GC invocations=11 (full 3):
 PSYoungGen      total 121344K, used 20454K [0x00000000e0000000, 0x00000000e9d80000, 0x0000000100000000)
  eden space 100864K, 0% used [0x00000000e0000000,0x00000000e0000000,0x00000000e6280000)
  from space 20480K, 99% used [0x00000000e7d80000,0x00000000e9179b50,0x00000000e9180000)
  to   space 27648K, 0% used [0x00000000e6280000,0x00000000e6280000,0x00000000e7d80000)
 ParOldGen       total 97280K, used 23522K [0x00000000a0000000, 0x00000000a5f00000, 0x00000000e0000000)
  object space 97280K, 24% used [0x00000000a0000000,0x00000000a16f8898,0x00000000a5f00000)
 Metaspace       used 45811K, capacity 46620K, committed 47104K, reserved 1089536K
  class space    used 5800K, capacity 6034K, committed 6144K, reserved 1048576K
}
Event: 104.238 GC heap before
{Heap before GC invocations=12 (full 3):
 PSYoungGen      total 121344K, used 121318K [0x00000000e0000000, 0x00000000e9d80000, 0x0000000100000000)
  eden space 100864K, 100% used [0x00000000e0000000,0x00000000e6280000,0x00000000e6280000)
  from space 20480K, 99% used [0x00000000e7d80000,0x00000000e9179b50,0x00000000e9180000)
  to   space 27648K, 0% used [0x00000000e6280000,0x00000000e6280000,0x00000000e7d80000)
 ParOldGen       total 97280K, used 23522K [0x00000000a0000000, 0x00000000a5f00000, 0x00000000e0000000)
  object space 97280K, 24% used [0x00000000a0000000,0x00000000a16f8898,0x00000000a5f00000)
 Metaspace       used 52443K, capacity 53494K, committed 53888K, reserved 1095680K
  class space    used 6441K, capacity 6679K, committed 6784K, reserved 1048576K
Event: 104.291 GC heap after
Heap after GC invocations=12 (full 3):
 PSYoungGen      total 128512K, used 27635K [0x00000000e0000000, 0x00000000e9d80000, 0x0000000100000000)
  eden space 100864K, 0% used [0x00000000e0000000,0x00000000e0000000,0x00000000e6280000)
  from space 27648K, 99% used [0x00000000e6280000,0x00000000e7d7cd78,0x00000000e7d80000)
  to   space 20480K, 0% used [0x00000000e7d80000,0x00000000e7d80000,0x00000000e9180000)
 ParOldGen       total 97280K, used 29605K [0x00000000a0000000, 0x00000000a5f00000, 0x00000000e0000000)
  object space 97280K, 30% used [0x00000000a0000000,0x00000000a1ce94a8,0x00000000a5f00000)
 Metaspace       used 52443K, capacity 53494K, committed 53888K, reserved 1095680K
  class space    used 6441K, capacity 6679K, committed 6784K, reserved 1048576K
}

